{
  "RSpec": {
    "coverage": {
      "/Users/celinekaslin/Desktop/MakersProject/week10/GildedRose_refactoring_techTest/spec/gilded_rose_spec.rb": [
        1,
        1,
        null,
        1,
        null,
        4,
        3,
        1,
        3,
        null,
        null,
        1,
        1,
        1,
        null,
        null,
        1,
        1,
        null,
        null,
        1,
        2,
        1,
        1,
        null,
        null,
        null,
        null,
        null,
        null
      ],
      "/Users/celinekaslin/Desktop/MakersProject/week10/GildedRose_refactoring_techTest/lib/gilded_rose.rb": [
        1,
        null,
        1,
        null,
        1,
        3,
        null,
        null,
        1,
        3,
        3,
        0,
        0,
        0,
        0,
        0,
        0,
        null,
        null,
        0,
        0,
        0,
        null,
        null,
        null,
        null,
        null,
        null,
        3,
        1,
        1,
        null,
        null,
        null,
        null,
        3,
        3,
        null,
        3,
        3,
        3,
        3,
        1,
        1,
        null,
        null,
        null,
        0,
        null,
        null,
        0,
        0,
        null,
        null,
        null,
        null,
        null,
        null,
        1,
        null,
        1,
        3,
        3,
        null,
        null,
        null
      ],
      "/Users/celinekaslin/Desktop/MakersProject/week10/GildedRose_refactoring_techTest/lib/item_presenter.rb": [
        1,
        null,
        1,
        1,
        null,
        1,
        null,
        null,
        1,
        3,
        null,
        null,
        1,
        0,
        null,
        null,
        1,
        3,
        null,
        null,
        1,
        3,
        null,
        null,
        1,
        3,
        null,
        null,
        1,
        null,
        1,
        null,
        null,
        null,
        null
      ],
      "/Users/celinekaslin/Desktop/MakersProject/week10/GildedRose_refactoring_techTest/spec/item_spec.rb": [
        1,
        null,
        1,
        5,
        null,
        1,
        1,
        1,
        null,
        null,
        1,
        1,
        null,
        null,
        1,
        1,
        null,
        null,
        null,
        1,
        1,
        1,
        null,
        null,
        null,
        null
      ],
      "/Users/celinekaslin/Desktop/MakersProject/week10/GildedRose_refactoring_techTest/lib/item.rb": [
        1,
        1,
        null,
        1,
        7,
        7,
        7,
        null,
        null,
        1,
        1,
        null,
        null
      ]
    },
    "timestamp": 1550607310
  }
}
